[debug] [2022-10-22T21:41:03.451Z] ----------------------------------------------------------------------
[debug] [2022-10-22T21:41:03.519Z] Command:       C:\Program Files\nodejs\node.exe C:\Users\PTB\AppData\Roaming\npm\node_modules\firebase-tools\lib\bin\firebase.js init
[debug] [2022-10-22T21:41:03.520Z] CLI Version:   11.15.0
[debug] [2022-10-22T21:41:03.521Z] Platform:      win32
[debug] [2022-10-22T21:41:03.521Z] Node Version:  v16.18.0
[debug] [2022-10-22T21:41:04.513Z] Time:          Sat Oct 22 2022 22:41:03 GMT+0100 (West Africa Standard Time)
[debug] [2022-10-22T21:41:04.514Z] ----------------------------------------------------------------------
[debug] 
[debug] [2022-10-22T21:41:04.540Z] >>> [apiv2][query] GET https://firebase-public.firebaseio.com/cli.json [none]
[debug] [2022-10-22T21:41:09.847Z] > command requires scopes: ["email","openid","https://www.googleapis.com/auth/cloudplatformprojects.readonly","https://www.googleapis.com/auth/firebase","https://www.googleapis.com/auth/cloud-platform"]
[debug] [2022-10-22T21:41:09.848Z] > authorizing via signed-in user (paul.emechebe@gmail.com)
[info] 
     ######## #### ########  ######## ########     ###     ######  ########
     ##        ##  ##     ## ##       ##     ##  ##   ##  ##       ##
     ######    ##  ########  ######   ########  #########  ######  ######
     ##        ##  ##    ##  ##       ##     ## ##     ##       ## ##
     ##       #### ##     ## ######## ########  ##     ##  ######  ########

You're about to initialize a Firebase project in this directory:

  C:\Users\PTB\Desktop\ridox-studio

[debug] [2022-10-22T21:41:12.271Z] <<< [apiv2][status] GET https://firebase-public.firebaseio.com/cli.json 200
[debug] [2022-10-22T21:41:12.273Z] <<< [apiv2][body] GET https://firebase-public.firebaseio.com/cli.json {"cloudBuildErrorAfter":1594252800000,"cloudBuildWarnAfter":1590019200000,"defaultNode10After":1594252800000,"minVersion":"3.0.5","node8DeploysDisabledAfter":1613390400000,"node8RuntimeDisabledAfter":1615809600000,"node8WarnAfter":1600128000000}
[info] 
=== Project Setup
[info] 
[info] First, let's associate this project directory with a Firebase project.
[info] You can create multiple project aliases by running firebase use --add, 
[info] but for now we'll just set up a default project.
[info] 
[debug] [2022-10-22T21:42:21.601Z] > refreshing access token with scopes: []
[debug] [2022-10-22T21:42:21.603Z] >>> [apiv2][query] POST https://www.googleapis.com/oauth2/v3/token [none]
[debug] [2022-10-22T21:42:21.603Z] >>> [apiv2][body] POST https://www.googleapis.com/oauth2/v3/token [omitted]
[debug] [2022-10-22T21:42:22.719Z] <<< [apiv2][status] POST https://www.googleapis.com/oauth2/v3/token 200
[debug] [2022-10-22T21:42:22.719Z] <<< [apiv2][body] POST https://www.googleapis.com/oauth2/v3/token [omitted]
[debug] [2022-10-22T21:42:23.019Z] >>> [apiv2][query] GET https://firebase.googleapis.com/v1beta1/projects pageSize=100
[debug] [2022-10-22T21:42:24.200Z] <<< [apiv2][status] GET https://firebase.googleapis.com/v1beta1/projects 200
[debug] [2022-10-22T21:42:24.201Z] <<< [apiv2][body] GET https://firebase.googleapis.com/v1beta1/projects [omitted]
[info] i  Using project ridox-studio (ridox-studio) 
[info] 
=== Hosting Setup
[info] 
[info] Your public directory is the folder (relative to your project directory) that
[info] will contain Hosting assets to be uploaded with firebase deploy. If you
[info] have a build process for your assets, use your build's output directory.
[info] 
[debug] [2022-10-22T21:45:01.791Z] >>> [apiv2][query] GET https://www.gstatic.com/firebasejs/releases.json [none]
[debug] [2022-10-22T21:45:02.011Z] <<< [apiv2][status] GET https://www.gstatic.com/firebasejs/releases.json 200
[debug] [2022-10-22T21:45:02.012Z] <<< [apiv2][body] GET https://www.gstatic.com/firebasejs/releases.json {"current":{"version":"9.12.1","browserURL":"https://www.gstatic.com/firebasejs/9.12.1/firebase.js","packageURL":"https://www.gstatic.com/firebasejs/9.12.1/firebase.tgz"},"live":{"version":"9.12","browserURL":"https://www.gstatic.com/firebasejs/live/9.12/firebase.js","packageURL":"https://www.gstatic.com/firebasejs/live/9.12/firebase.tgz"},"components":{"analytics":"https://www.gstatic.com/firebasejs/9.12.1/firebase-analytics.js","app":"https://www.gstatic.com/firebasejs/9.12.1/firebase-app.js","app-check":"https://www.gstatic.com/firebasejs/9.12.1/firebase-app-check.js","auth":"https://www.gstatic.com/firebasejs/9.12.1/firebase-auth.js","auth/cordova":"https://www.gstatic.com/firebasejs/9.12.1/firebase-auth/cordova.js","auth/react-native":"https://www.gstatic.com/firebasejs/9.12.1/firebase-auth/react-native.js","functions":"https://www.gstatic.com/firebasejs/9.12.1/firebase-functions.js","firestore":"https://www.gstatic.com/firebasejs/9.12.1/firebase-firestore.js","firestore/lite":"https://www.gstatic.com/firebasejs/9.12.1/firebase-firestore/lite.js","installations":"https://www.gstatic.com/firebasejs/9.12.1/firebase-installations.js","storage":"https://www.gstatic.com/firebasejs/9.12.1/firebase-storage.js","performance":"https://www.gstatic.com/firebasejs/9.12.1/firebase-performance.js","remote-config":"https://www.gstatic.com/firebasejs/9.12.1/firebase-remote-config.js","messaging":"https://www.gstatic.com/firebasejs/9.12.1/firebase-messaging.js","messaging/sw":"https://www.gstatic.com/firebasejs/9.12.1/firebase-messaging/sw.js","database":"https://www.gstatic.com/firebasejs/9.12.1/firebase-database.js","firestore.memory":"https://www.gstatic.com/firebasejs/9.12.1/firebase-firestore.memory.js"}}
[info] +  Wrote public/index.html 
[info] 
[info] i  Didn't detect a .git folder. Assuming C:\Users\PTB\Desktop\ridox-studio is the project root. 
[info] i  Authorizing with GitHub to upload your service account to a GitHub repository's secrets store. 
[info] 
[info] Visit this URL on this device to log in:
[info] https://github.com/login/oauth/authorize?client_id=89cf50f02ac6aaed3484&state=955932010&redirect_uri=http%3A%2F%2Flocalhost%3A9005&scope=read%3Auser%20repo%20public_repo
[info] 
[info] Waiting for authentication...
[debug] [2022-10-22T21:45:09.225Z] >>> [apiv2][query] POST https://github.com/login/oauth/access_token [none]
[debug] [2022-10-22T21:45:09.225Z] >>> [apiv2][body] POST https://github.com/login/oauth/access_token [stream]
[debug] [2022-10-22T21:45:09.866Z] <<< [apiv2][status] POST https://github.com/login/oauth/access_token 200
[debug] [2022-10-22T21:45:09.866Z] <<< [apiv2][body] POST https://github.com/login/oauth/access_token {"access_token":"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","token_type":"bearer","scope":"read:user,repo"}
[debug] [2022-10-22T21:45:10.121Z] >>> [apiv2][query] GET https://api.github.com/user [none]
[debug] [2022-10-22T21:45:10.860Z] <<< [apiv2][status] GET https://api.github.com/user 200
[debug] [2022-10-22T21:45:10.860Z] <<< [apiv2][body] GET https://api.github.com/user {"login":"PTBYSR","id":76046277,"node_id":"MDQ6VXNlcjc2MDQ2Mjc3","avatar_url":"https://avatars.githubusercontent.com/u/76046277?v=4","gravatar_id":"","url":"https://api.github.com/users/PTBYSR","html_url":"https://github.com/PTBYSR","followers_url":"https://api.github.com/users/PTBYSR/followers","following_url":"https://api.github.com/users/PTBYSR/following{/other_user}","gists_url":"https://api.github.com/users/PTBYSR/gists{/gist_id}","starred_url":"https://api.github.com/users/PTBYSR/starred{/owner}{/repo}","subscriptions_url":"https://api.github.com/users/PTBYSR/subscriptions","organizations_url":"https://api.github.com/users/PTBYSR/orgs","repos_url":"https://api.github.com/users/PTBYSR/repos","events_url":"https://api.github.com/users/PTBYSR/events{/privacy}","received_events_url":"https://api.github.com/users/PTBYSR/received_events","type":"User","site_admin":false,"name":"Paul-Simon Emechebe","company":"Aisely","blog":"","location":"Lagos, Nigeria","email":"paul.emechebe@gmail.com","hireable":null,"bio":"Self-taught creative developer creating with React. Also building at @Aisely \r\n","twitter_username":"ptbthefirst","public_repos":39,"public_gists":0,"followers":9,"following":16,"created_at":"2020-12-15T11:27:00Z","updated_at":"2022-09-20T22:48:10Z","private_gists":0,"total_private_repos":7,"owned_private_repos":7,"disk_usage":103244,"collaborators":0,"two_factor_authentication":true,"plan":{"name":"free","space":976562499,"collaborators":0,"private_repos":10000}}
[info] 
[info] +  Success! Logged into GitHub as PTBYSR 
[info] 
